{"/Users/dungle/projects/atscaletech/libra-js/src/client.ts": {"path":"/Users/dungle/projects/atscaletech/libra-js/src/client.ts","statementMap":{"0":{"start":{"line":1,"column":0},"end":{"line":1,"column":50}},"1":{"start":{"line":2,"column":0},"end":{"line":2,"column":57}},"2":{"start":{"line":6,"column":0},"end":{"line":6,"column":44}},"3":{"start":{"line":7,"column":0},"end":{"line":7,"column":null}},"4":{"start":{"line":18,"column":0},"end":{"line":18,"column":50}},"5":{"start":{"line":19,"column":0},"end":{"line":19,"column":44}},"6":{"start":{"line":20,"column":0},"end":{"line":20,"column":65}},"7":{"start":{"line":26,"column":2},"end":{"line":33,"column":null}},"8":{"start":{"line":27,"column":21},"end":{"line":27,"column":40}},"9":{"start":{"line":28,"column":4},"end":{"line":32,"column":7}},"10":{"start":{"line":35,"column":2},"end":{"line":35,"column":22}},"11":{"start":{"line":25,"column":0},"end":{"line":25,"column":16}},"12":{"start":{"line":42,"column":4},"end":{"line":42,"column":33}},"13":{"start":{"line":46,"column":23},"end":{"line":46,"column":51}},"14":{"start":{"line":47,"column":4},"end":{"line":47,"column":34}},"15":{"start":{"line":51,"column":4},"end":{"line":53,"column":null}},"16":{"start":{"line":52,"column":6},"end":{"line":52,"column":81}},"17":{"start":{"line":54,"column":20},"end":{"line":54,"column":66}},"18":{"start":{"line":55,"column":4},"end":{"line":55,"column":61}},"19":{"start":{"line":59,"column":24},"end":{"line":59,"column":53}},"20":{"start":{"line":61,"column":4},"end":{"line":61,"column":67}},"21":{"start":{"line":65,"column":4},"end":{"line":65,"column":34}},"22":{"start":{"line":67,"column":4},"end":{"line":69,"column":null}},"23":{"start":{"line":68,"column":6},"end":{"line":68,"column":48}},"24":{"start":{"line":70,"column":24},"end":{"line":70,"column":53}},"25":{"start":{"line":71,"column":23},"end":{"line":71,"column":63}},"26":{"start":{"line":73,"column":22},"end":{"line":73,"column":79}},"27":{"start":{"line":73,"column":55},"end":{"line":73,"column":79}},"28":{"start":{"line":75,"column":4},"end":{"line":83,"column":6}},"29":{"start":{"line":78,"column":29},"end":{"line":81,"column":10}},"30":{"start":{"line":87,"column":4},"end":{"line":87,"column":34}},"31":{"start":{"line":88,"column":48},"end":{"line":88,"column":54}},"32":{"start":{"line":90,"column":4},"end":{"line":94,"column":null}},"33":{"start":{"line":91,"column":6},"end":{"line":93,"column":8}},"34":{"start":{"line":92,"column":80},"end":{"line":92,"column":114}},"35":{"start":{"line":96,"column":4},"end":{"line":96,"column":16}},"36":{"start":{"line":100,"column":4},"end":{"line":100,"column":34}},"37":{"start":{"line":101,"column":45},"end":{"line":101,"column":51}},"38":{"start":{"line":103,"column":4},"end":{"line":107,"column":null}},"39":{"start":{"line":104,"column":6},"end":{"line":106,"column":8}},"40":{"start":{"line":105,"column":74},"end":{"line":105,"column":102}},"41":{"start":{"line":109,"column":4},"end":{"line":109,"column":16}},"42":{"start":{"line":113,"column":4},"end":{"line":113,"column":34}},"43":{"start":{"line":114,"column":48},"end":{"line":114,"column":54}},"44":{"start":{"line":116,"column":4},"end":{"line":118,"column":null}},"45":{"start":{"line":117,"column":6},"end":{"line":117,"column":16}},"46":{"start":{"line":120,"column":17},"end":{"line":120,"column":37}},"47":{"start":{"line":122,"column":18},"end":{"line":122,"column":91}},"48":{"start":{"line":123,"column":19},"end":{"line":123,"column":84}},"49":{"start":{"line":123,"column":47},"end":{"line":123,"column":83}},"50":{"start":{"line":125,"column":4},"end":{"line":125,"column":57}},"51":{"start":{"line":125,"column":35},"end":{"line":125,"column":48}},"52":{"start":{"line":129,"column":4},"end":{"line":129,"column":34}},"53":{"start":{"line":130,"column":48},"end":{"line":130,"column":54}},"54":{"start":{"line":132,"column":17},"end":{"line":137,"column":6}},"55":{"start":{"line":139,"column":4},"end":{"line":139,"column":33}},"56":{"start":{"line":139,"column":23},"end":{"line":139,"column":33}},"57":{"start":{"line":141,"column":4},"end":{"line":150,"column":7}},"58":{"start":{"line":38,"column":0},"end":{"line":38,"column":13}}},"fnMap":{"0":{"name":"createConnection","decl":{"start":{"line":25,"column":16},"end":{"line":25,"column":32}},"loc":{"start":{"line":25,"column":44},"end":{"line":36,"column":1}}},"1":{"name":"(anonymous_2)","decl":{"start":{"line":41,"column":2},"end":{"line":41,"column":14}},"loc":{"start":{"line":41,"column":31},"end":{"line":43,"column":3}}},"2":{"name":"(anonymous_3)","decl":{"start":{"line":45,"column":2},"end":{"line":45,"column":8}},"loc":{"start":{"line":45,"column":37},"end":{"line":48,"column":3}}},"3":{"name":"(anonymous_4)","decl":{"start":{"line":50,"column":2},"end":{"line":50,"column":18}},"loc":{"start":{"line":50,"column":67},"end":{"line":56,"column":3}}},"4":{"name":"(anonymous_5)","decl":{"start":{"line":58,"column":2},"end":{"line":58,"column":13}},"loc":{"start":{"line":58,"column":57},"end":{"line":62,"column":3}}},"5":{"name":"(anonymous_6)","decl":{"start":{"line":64,"column":2},"end":{"line":64,"column":7}},"loc":{"start":{"line":64,"column":69},"end":{"line":84,"column":3}}},"6":{"name":"(anonymous_7)","decl":{"start":{"line":73,"column":22},"end":{"line":73,"column":23}},"loc":{"start":{"line":73,"column":55},"end":{"line":73,"column":79}}},"7":{"name":"(anonymous_8)","decl":{"start":{"line":78,"column":12},"end":{"line":78,"column":13}},"loc":{"start":{"line":78,"column":29},"end":{"line":81,"column":10}}},"8":{"name":"(anonymous_9)","decl":{"start":{"line":86,"column":2},"end":{"line":86,"column":7}},"loc":{"start":{"line":86,"column":45},"end":{"line":97,"column":3}}},"9":{"name":"(anonymous_10)","decl":{"start":{"line":92,"column":69},"end":{"line":92,"column":70}},"loc":{"start":{"line":92,"column":80},"end":{"line":92,"column":114}}},"10":{"name":"(anonymous_11)","decl":{"start":{"line":99,"column":2},"end":{"line":99,"column":7}},"loc":{"start":{"line":99,"column":51},"end":{"line":110,"column":3}}},"11":{"name":"(anonymous_12)","decl":{"start":{"line":105,"column":63},"end":{"line":105,"column":64}},"loc":{"start":{"line":105,"column":74},"end":{"line":105,"column":102}}},"12":{"name":"(anonymous_13)","decl":{"start":{"line":112,"column":2},"end":{"line":112,"column":7}},"loc":{"start":{"line":112,"column":69},"end":{"line":126,"column":3}}},"13":{"name":"(anonymous_14)","decl":{"start":{"line":123,"column":29},"end":{"line":123,"column":30}},"loc":{"start":{"line":123,"column":47},"end":{"line":123,"column":83}}},"14":{"name":"(anonymous_15)","decl":{"start":{"line":125,"column":25},"end":{"line":125,"column":26}},"loc":{"start":{"line":125,"column":35},"end":{"line":125,"column":48}}},"15":{"name":"(anonymous_16)","decl":{"start":{"line":128,"column":2},"end":{"line":128,"column":7}},"loc":{"start":{"line":128,"column":79},"end":{"line":151,"column":3}}}},"branchMap":{"0":{"loc":{"start":{"line":26,"column":2},"end":{"line":33,"column":null}},"type":"if","locations":[{"start":{"line":26,"column":2},"end":{"line":33,"column":null}}]},"1":{"loc":{"start":{"line":51,"column":4},"end":{"line":53,"column":null}},"type":"if","locations":[{"start":{"line":51,"column":4},"end":{"line":53,"column":null}}]},"2":{"loc":{"start":{"line":67,"column":4},"end":{"line":69,"column":null}},"type":"if","locations":[{"start":{"line":67,"column":4},"end":{"line":69,"column":null}}]},"3":{"loc":{"start":{"line":90,"column":4},"end":{"line":94,"column":null}},"type":"if","locations":[{"start":{"line":90,"column":4},"end":{"line":94,"column":null}}]},"4":{"loc":{"start":{"line":103,"column":4},"end":{"line":107,"column":null}},"type":"if","locations":[{"start":{"line":103,"column":4},"end":{"line":107,"column":null}}]},"5":{"loc":{"start":{"line":116,"column":4},"end":{"line":118,"column":null}},"type":"if","locations":[{"start":{"line":116,"column":4},"end":{"line":118,"column":null}}]},"6":{"loc":{"start":{"line":139,"column":4},"end":{"line":139,"column":33}},"type":"if","locations":[{"start":{"line":139,"column":4},"end":{"line":139,"column":33}}]}},"s":{"0":6,"1":6,"2":6,"3":6,"4":6,"5":6,"6":6,"7":0,"8":0,"9":0,"10":0,"11":6,"12":6,"13":0,"14":0,"15":22,"16":0,"17":22,"18":22,"19":0,"20":0,"21":22,"22":22,"23":22,"24":22,"25":22,"26":22,"27":22,"28":22,"29":22,"30":1,"31":1,"32":1,"33":1,"34":1,"35":0,"36":12,"37":12,"38":12,"39":12,"40":12,"41":0,"42":8,"43":8,"44":8,"45":0,"46":8,"47":8,"48":8,"49":24,"50":8,"51":24,"52":7,"53":7,"54":7,"55":7,"56":0,"57":7,"58":6},"f":{"0":0,"1":6,"2":0,"3":22,"4":0,"5":22,"6":22,"7":22,"8":1,"9":1,"10":12,"11":12,"12":8,"13":24,"14":24,"15":7},"b":{"0":[0],"1":[0],"2":[22],"3":[1],"4":[12],"5":[0],"6":[0]}}
,"/Users/dungle/projects/atscaletech/libra-js/src/index.ts": {"path":"/Users/dungle/projects/atscaletech/libra-js/src/index.ts","statementMap":{"0":{"start":{"line":1,"column":0},"end":{"line":1,"column":24}}},"fnMap":{},"branchMap":{},"s":{"0":0},"f":{},"b":{}}
,"/Users/dungle/projects/atscaletech/libra-js/src/libra.ts": {"path":"/Users/dungle/projects/atscaletech/libra-js/src/libra.ts","statementMap":{"0":{"start":{"line":2,"column":0},"end":{"line":2,"column":34}},"1":{"start":{"line":3,"column":0},"end":{"line":3,"column":55}},"2":{"start":{"line":4,"column":0},"end":{"line":4,"column":32}},"3":{"start":{"line":5,"column":0},"end":{"line":5,"column":53}},"4":{"start":{"line":6,"column":0},"end":{"line":6,"column":38}},"5":{"start":{"line":7,"column":0},"end":{"line":7,"column":38}},"6":{"start":{"line":8,"column":0},"end":{"line":8,"column":36}},"7":{"start":{"line":19,"column":19},"end":{"line":19,"column":41}},"8":{"start":{"line":20,"column":4},"end":{"line":20,"column":53}},"9":{"start":{"line":21,"column":4},"end":{"line":21,"column":39}},"10":{"start":{"line":22,"column":4},"end":{"line":22,"column":45}},"11":{"start":{"line":23,"column":4},"end":{"line":23,"column":45}},"12":{"start":{"line":24,"column":4},"end":{"line":24,"column":45}},"13":{"start":{"line":25,"column":4},"end":{"line":25,"column":43}},"14":{"start":{"line":10,"column":0},"end":{"line":10,"column":13}}},"fnMap":{"0":{"name":"(anonymous_1)","decl":{"start":{"line":18,"column":2},"end":{"line":18,"column":14}},"loc":{"start":{"line":18,"column":33},"end":{"line":26,"column":3}}}},"branchMap":{},"s":{"0":0,"1":0,"2":0,"3":0,"4":0,"5":0,"6":0,"7":0,"8":0,"9":0,"10":0,"11":0,"12":0,"13":0,"14":0},"f":{"0":0},"b":{}}
,"/Users/dungle/projects/atscaletech/libra-js/src/wallet-connection.ts": {"path":"/Users/dungle/projects/atscaletech/libra-js/src/wallet-connection.ts","statementMap":{"0":{"start":{"line":1,"column":0},"end":{"line":1,"column":54}},"1":{"start":{"line":10,"column":4},"end":{"line":10,"column":33}},"2":{"start":{"line":11,"column":4},"end":{"line":11,"column":25}},"3":{"start":{"line":15,"column":4},"end":{"line":20,"column":null}},"4":{"start":{"line":16,"column":25},"end":{"line":16,"column":50}},"5":{"start":{"line":17,"column":6},"end":{"line":17,"column":46}},"6":{"start":{"line":19,"column":6},"end":{"line":19,"column":47}},"7":{"start":{"line":24,"column":4},"end":{"line":24,"column":27}},"8":{"start":{"line":28,"column":22},"end":{"line":28,"column":81}},"9":{"start":{"line":28,"column":53},"end":{"line":28,"column":80}},"10":{"start":{"line":30,"column":4},"end":{"line":32,"column":null}},"11":{"start":{"line":31,"column":6},"end":{"line":31,"column":23}},"12":{"start":{"line":34,"column":4},"end":{"line":34,"column":47}},"13":{"start":{"line":38,"column":22},"end":{"line":38,"column":54}},"14":{"start":{"line":39,"column":4},"end":{"line":39,"column":36}},"15":{"start":{"line":43,"column":22},"end":{"line":43,"column":54}},"16":{"start":{"line":44,"column":4},"end":{"line":44,"column":28}},"17":{"start":{"line":5,"column":0},"end":{"line":5,"column":13}}},"fnMap":{"0":{"name":"(anonymous_0)","decl":{"start":{"line":9,"column":2},"end":{"line":9,"column":14}},"loc":{"start":{"line":9,"column":45},"end":{"line":12,"column":3}}},"1":{"name":"(anonymous_1)","decl":{"start":{"line":14,"column":2},"end":{"line":14,"column":7}},"loc":{"start":{"line":14,"column":28},"end":{"line":21,"column":3}}},"2":{"name":"(anonymous_2)","decl":{"start":{"line":23,"column":2},"end":{"line":23,"column":15}},"loc":{"start":{"line":23,"column":15},"end":{"line":25,"column":3}}},"3":{"name":"(anonymous_3)","decl":{"start":{"line":27,"column":2},"end":{"line":27,"column":14}},"loc":{"start":{"line":27,"column":36},"end":{"line":35,"column":3}}},"4":{"name":"(anonymous_4)","decl":{"start":{"line":28,"column":43},"end":{"line":28,"column":44}},"loc":{"start":{"line":28,"column":53},"end":{"line":28,"column":80}}},"5":{"name":"(anonymous_5)","decl":{"start":{"line":37,"column":2},"end":{"line":37,"column":7}},"loc":{"start":{"line":37,"column":41},"end":{"line":40,"column":3}}},"6":{"name":"(anonymous_6)","decl":{"start":{"line":42,"column":2},"end":{"line":42,"column":7}},"loc":{"start":{"line":42,"column":39},"end":{"line":45,"column":3}}}},"branchMap":{"0":{"loc":{"start":{"line":30,"column":4},"end":{"line":32,"column":null}},"type":"if","locations":[{"start":{"line":30,"column":4},"end":{"line":32,"column":null}}]}},"s":{"0":0,"1":0,"2":0,"3":0,"4":0,"5":0,"6":0,"7":0,"8":0,"9":0,"10":0,"11":0,"12":0,"13":0,"14":0,"15":0,"16":0,"17":0},"f":{"0":0,"1":0,"2":0,"3":0,"4":0,"5":0,"6":0},"b":{"0":[0]}}
,"/Users/dungle/projects/atscaletech/libra-js/src/codec-types/index.ts": {"path":"/Users/dungle/projects/atscaletech/libra-js/src/codec-types/index.ts","statementMap":{"0":{"start":{"line":1,"column":0},"end":{"line":1,"column":29}},"1":{"start":{"line":2,"column":0},"end":{"line":2,"column":29}},"2":{"start":{"line":3,"column":0},"end":{"line":3,"column":22}},"3":{"start":{"line":4,"column":0},"end":{"line":4,"column":27}},"4":{"start":{"line":5,"column":0},"end":{"line":5,"column":28}},"5":{"start":{"line":6,"column":0},"end":{"line":6,"column":30}}},"fnMap":{},"branchMap":{},"s":{"0":6,"1":6,"2":6,"3":6,"4":6,"5":6},"f":{},"b":{}}
,"/Users/dungle/projects/atscaletech/libra-js/src/codec-types/known-types.ts": {"path":"/Users/dungle/projects/atscaletech/libra-js/src/codec-types/known-types.ts","statementMap":{"0":{"start":{"line":1,"column":13},"end":{"line":97,"column":2}}},"fnMap":{},"branchMap":{},"s":{"0":6},"f":{},"b":{}}
,"/Users/dungle/projects/atscaletech/libra-js/src/currencies/codec.ts": {"path":"/Users/dungle/projects/atscaletech/libra-js/src/currencies/codec.ts","statementMap":{"0":{"start":{"line":5,"column":2},"end":{"line":11,"column":4}},"1":{"start":{"line":4,"column":0},"end":{"line":4,"column":16}}},"fnMap":{"0":{"name":"decodeCurrency","decl":{"start":{"line":4,"column":16},"end":{"line":4,"column":30}},"loc":{"start":{"line":4,"column":72},"end":{"line":12,"column":1}}}},"branchMap":{"0":{"loc":{"start":{"line":6,"column":10},"end":{"line":6,"column":24}},"type":"binary-expr","locations":[{"start":{"line":6,"column":10},"end":{"line":6,"column":18}},{"start":{"line":6,"column":22},"end":{"line":6,"column":24}}]}},"s":{"0":3,"1":1},"f":{"0":3},"b":{"0":[3,0]}}
,"/Users/dungle/projects/atscaletech/libra-js/src/currencies/index.ts": {"path":"/Users/dungle/projects/atscaletech/libra-js/src/currencies/index.ts","statementMap":{"0":{"start":{"line":3,"column":0},"end":{"line":3,"column":41}},"1":{"start":{"line":5,"column":0},"end":{"line":5,"column":70}},"2":{"start":{"line":7,"column":13},"end":{"line":7,"column":40}},"3":{"start":{"line":13,"column":4},"end":{"line":13,"column":25}},"4":{"start":{"line":17,"column":4},"end":{"line":28,"column":7}},"5":{"start":{"line":32,"column":4},"end":{"line":42,"column":6}},"6":{"start":{"line":46,"column":4},"end":{"line":56,"column":6}},"7":{"start":{"line":9,"column":0},"end":{"line":9,"column":21}}},"fnMap":{"0":{"name":"(anonymous_0)","decl":{"start":{"line":12,"column":2},"end":{"line":12,"column":14}},"loc":{"start":{"line":12,"column":28},"end":{"line":14,"column":3}}},"1":{"name":"(anonymous_1)","decl":{"start":{"line":16,"column":2},"end":{"line":16,"column":23}},"loc":{"start":{"line":16,"column":47},"end":{"line":29,"column":3}}},"2":{"name":"(anonymous_2)","decl":{"start":{"line":31,"column":2},"end":{"line":31,"column":16}},"loc":{"start":{"line":31,"column":55},"end":{"line":43,"column":3}}},"3":{"name":"(anonymous_3)","decl":{"start":{"line":45,"column":2},"end":{"line":45,"column":16}},"loc":{"start":{"line":45,"column":45},"end":{"line":57,"column":3}}}},"branchMap":{},"s":{"0":1,"1":1,"2":1,"3":1,"4":1,"5":1,"6":1,"7":1},"f":{"0":1,"1":1,"2":1,"3":1},"b":{}}
,"/Users/dungle/projects/atscaletech/libra-js/src/currencies/schema.ts": {"path":"/Users/dungle/projects/atscaletech/libra-js/src/currencies/schema.ts","statementMap":{"0":{"start":{"line":3,"column":13},"end":{"line":19,"column":2}},"1":{"start":{"line":21,"column":13},"end":{"line":27,"column":2}}},"fnMap":{},"branchMap":{},"s":{"0":1,"1":1},"f":{},"b":{}}
,"/Users/dungle/projects/atscaletech/libra-js/src/dispute-resolution/codec.ts": {"path":"/Users/dungle/projects/atscaletech/libra-js/src/dispute-resolution/codec.ts","statementMap":{"0":{"start":{"line":1,"column":0},"end":{"line":1,"column":67}},"1":{"start":{"line":5,"column":2},"end":{"line":14,"column":4}},"2":{"start":{"line":4,"column":0},"end":{"line":4,"column":16}}},"fnMap":{"0":{"name":"decodeDispute","decl":{"start":{"line":4,"column":16},"end":{"line":4,"column":29}},"loc":{"start":{"line":4,"column":47},"end":{"line":15,"column":1}}}},"branchMap":{"0":{"loc":{"start":{"line":13,"column":13},"end":{"line":13,"column":119}},"type":"cond-expr","locations":[{"start":{"line":13,"column":48},"end":{"line":13,"column":82}},{"start":{"line":13,"column":85},"end":{"line":13,"column":119}}]}},"s":{"0":1,"1":10,"2":1},"f":{"0":10},"b":{"0":[10,0]}}
,"/Users/dungle/projects/atscaletech/libra-js/src/dispute-resolution/index.ts": {"path":"/Users/dungle/projects/atscaletech/libra-js/src/dispute-resolution/index.ts","statementMap":{"0":{"start":{"line":4,"column":0},"end":{"line":4,"column":40}},"1":{"start":{"line":6,"column":13},"end":{"line":6,"column":38}},"2":{"start":{"line":8,"column":41},"end":{"line":14,"column":2}},"3":{"start":{"line":19,"column":4},"end":{"line":19,"column":25}},"4":{"start":{"line":23,"column":4},"end":{"line":30,"column":7}},"5":{"start":{"line":34,"column":4},"end":{"line":34,"column":75}},"6":{"start":{"line":38,"column":4},"end":{"line":38,"column":69}},"7":{"start":{"line":42,"column":4},"end":{"line":42,"column":69}},"8":{"start":{"line":46,"column":4},"end":{"line":51,"column":7}},"9":{"start":{"line":55,"column":4},"end":{"line":65,"column":6}},"10":{"start":{"line":69,"column":4},"end":{"line":79,"column":6}},"11":{"start":{"line":83,"column":4},"end":{"line":93,"column":6}},"12":{"start":{"line":97,"column":4},"end":{"line":107,"column":6}},"13":{"start":{"line":15,"column":0},"end":{"line":15,"column":21}}},"fnMap":{"0":{"name":"(anonymous_0)","decl":{"start":{"line":18,"column":2},"end":{"line":18,"column":14}},"loc":{"start":{"line":18,"column":28},"end":{"line":20,"column":3}}},"1":{"name":"(anonymous_1)","decl":{"start":{"line":22,"column":2},"end":{"line":22,"column":15}},"loc":{"start":{"line":22,"column":59},"end":{"line":31,"column":3}}},"2":{"name":"(anonymous_2)","decl":{"start":{"line":33,"column":2},"end":{"line":33,"column":23}},"loc":{"start":{"line":33,"column":48},"end":{"line":35,"column":3}}},"3":{"name":"(anonymous_3)","decl":{"start":{"line":37,"column":2},"end":{"line":37,"column":20}},"loc":{"start":{"line":37,"column":42},"end":{"line":39,"column":3}}},"4":{"name":"(anonymous_4)","decl":{"start":{"line":41,"column":2},"end":{"line":41,"column":20}},"loc":{"start":{"line":41,"column":42},"end":{"line":43,"column":3}}},"5":{"name":"(anonymous_5)","decl":{"start":{"line":45,"column":2},"end":{"line":45,"column":12}},"loc":{"start":{"line":45,"column":30},"end":{"line":52,"column":3}}},"6":{"name":"(anonymous_6)","decl":{"start":{"line":54,"column":2},"end":{"line":54,"column":9}},"loc":{"start":{"line":54,"column":40},"end":{"line":66,"column":3}}},"7":{"name":"(anonymous_7)","decl":{"start":{"line":68,"column":2},"end":{"line":68,"column":7}},"loc":{"start":{"line":68,"column":38},"end":{"line":80,"column":3}}},"8":{"name":"(anonymous_8)","decl":{"start":{"line":82,"column":2},"end":{"line":82,"column":10}},"loc":{"start":{"line":82,"column":41},"end":{"line":94,"column":3}}},"9":{"name":"(anonymous_9)","decl":{"start":{"line":96,"column":2},"end":{"line":96,"column":16}},"loc":{"start":{"line":96,"column":47},"end":{"line":108,"column":3}}}},"branchMap":{},"s":{"0":1,"1":1,"2":1,"3":1,"4":3,"5":1,"6":1,"7":1,"8":1,"9":1,"10":1,"11":1,"12":0,"13":1},"f":{"0":1,"1":3,"2":1,"3":1,"4":1,"5":1,"6":1,"7":1,"8":1,"9":0},"b":{}}
,"/Users/dungle/projects/atscaletech/libra-js/src/identities/codec.ts": {"path":"/Users/dungle/projects/atscaletech/libra-js/src/identities/codec.ts","statementMap":{"0":{"start":{"line":1,"column":0},"end":{"line":1,"column":109}},"1":{"start":{"line":9,"column":32},"end":{"line":14,"column":4}},"2":{"start":{"line":16,"column":2},"end":{"line":18,"column":null}},"3":{"start":{"line":17,"column":4},"end":{"line":17,"column":58}},"4":{"start":{"line":20,"column":2},"end":{"line":20,"column":16}},"5":{"start":{"line":8,"column":0},"end":{"line":8,"column":16}},"6":{"start":{"line":24,"column":2},"end":{"line":27,"column":4}},"7":{"start":{"line":23,"column":0},"end":{"line":23,"column":16}},"8":{"start":{"line":31,"column":2},"end":{"line":38,"column":4}},"9":{"start":{"line":36,"column":68},"end":{"line":36,"column":94}},"10":{"start":{"line":37,"column":78},"end":{"line":37,"column":106}},"11":{"start":{"line":30,"column":0},"end":{"line":30,"column":16}}},"fnMap":{"0":{"name":"decodeIdentityField","decl":{"start":{"line":8,"column":16},"end":{"line":8,"column":35}},"loc":{"start":{"line":8,"column":59},"end":{"line":21,"column":1}}},"1":{"name":"decodeIdentityReview","decl":{"start":{"line":23,"column":16},"end":{"line":23,"column":36}},"loc":{"start":{"line":23,"column":61},"end":{"line":28,"column":1}}},"2":{"name":"decodeIdentity","decl":{"start":{"line":30,"column":16},"end":{"line":30,"column":30}},"loc":{"start":{"line":30,"column":69},"end":{"line":39,"column":1}}},"3":{"name":"(anonymous_3)","decl":{"start":{"line":36,"column":57},"end":{"line":36,"column":58}},"loc":{"start":{"line":36,"column":68},"end":{"line":36,"column":94}}},"4":{"name":"(anonymous_4)","decl":{"start":{"line":37,"column":66},"end":{"line":37,"column":67}},"loc":{"start":{"line":37,"column":78},"end":{"line":37,"column":106}}}},"branchMap":{"0":{"loc":{"start":{"line":16,"column":2},"end":{"line":18,"column":null}},"type":"if","locations":[{"start":{"line":16,"column":2},"end":{"line":18,"column":null}}]},"1":{"loc":{"start":{"line":32,"column":13},"end":{"line":32,"column":27}},"type":"binary-expr","locations":[{"start":{"line":32,"column":13},"end":{"line":32,"column":21}},{"start":{"line":32,"column":25},"end":{"line":32,"column":27}}]},"2":{"loc":{"start":{"line":36,"column":10},"end":{"line":36,"column":95}},"type":"cond-expr","locations":[{"start":{"line":36,"column":29},"end":{"line":36,"column":31}},{"start":{"line":36,"column":34},"end":{"line":36,"column":95}}]},"3":{"loc":{"start":{"line":37,"column":13},"end":{"line":37,"column":107}},"type":"cond-expr","locations":[{"start":{"line":37,"column":35},"end":{"line":37,"column":37}},{"start":{"line":37,"column":40},"end":{"line":37,"column":107}}]}},"s":{"0":1,"1":1,"2":1,"3":1,"4":1,"5":1,"6":1,"7":1,"8":1,"9":1,"10":1,"11":1},"f":{"0":1,"1":1,"2":1,"3":1,"4":1},"b":{"0":[1],"1":[1,0],"2":[0,1],"3":[0,1]}}
,"/Users/dungle/projects/atscaletech/libra-js/src/identities/index.ts": {"path":"/Users/dungle/projects/atscaletech/libra-js/src/identities/index.ts","statementMap":{"0":{"start":{"line":12,"column":0},"end":{"line":12,"column":41}},"1":{"start":{"line":13,"column":0},"end":{"line":13,"column":117}},"2":{"start":{"line":15,"column":13},"end":{"line":15,"column":40}},"3":{"start":{"line":21,"column":4},"end":{"line":21,"column":25}},"4":{"start":{"line":25,"column":4},"end":{"line":30,"column":7}},"5":{"start":{"line":34,"column":4},"end":{"line":44,"column":6}},"6":{"start":{"line":48,"column":4},"end":{"line":58,"column":6}},"7":{"start":{"line":62,"column":4},"end":{"line":72,"column":6}},"8":{"start":{"line":76,"column":4},"end":{"line":86,"column":6}},"9":{"start":{"line":90,"column":4},"end":{"line":100,"column":6}},"10":{"start":{"line":17,"column":0},"end":{"line":17,"column":21}}},"fnMap":{"0":{"name":"(anonymous_0)","decl":{"start":{"line":20,"column":2},"end":{"line":20,"column":14}},"loc":{"start":{"line":20,"column":28},"end":{"line":22,"column":3}}},"1":{"name":"(anonymous_1)","decl":{"start":{"line":24,"column":2},"end":{"line":24,"column":13}},"loc":{"start":{"line":24,"column":37},"end":{"line":31,"column":3}}},"2":{"name":"(anonymous_2)","decl":{"start":{"line":33,"column":2},"end":{"line":33,"column":7}},"loc":{"start":{"line":33,"column":66},"end":{"line":45,"column":3}}},"3":{"name":"(anonymous_3)","decl":{"start":{"line":47,"column":2},"end":{"line":47,"column":7}},"loc":{"start":{"line":47,"column":66},"end":{"line":59,"column":3}}},"4":{"name":"(anonymous_4)","decl":{"start":{"line":61,"column":2},"end":{"line":61,"column":7}},"loc":{"start":{"line":61,"column":39},"end":{"line":73,"column":3}}},"5":{"name":"(anonymous_5)","decl":{"start":{"line":75,"column":2},"end":{"line":75,"column":7}},"loc":{"start":{"line":75,"column":65},"end":{"line":87,"column":3}}},"6":{"name":"(anonymous_6)","decl":{"start":{"line":89,"column":2},"end":{"line":89,"column":7}},"loc":{"start":{"line":89,"column":61},"end":{"line":101,"column":3}}}},"branchMap":{},"s":{"0":1,"1":1,"2":1,"3":1,"4":1,"5":1,"6":1,"7":1,"8":1,"9":1,"10":1},"f":{"0":1,"1":1,"2":1,"3":1,"4":1,"5":1,"6":1},"b":{}}
,"/Users/dungle/projects/atscaletech/libra-js/src/identities/schema.ts": {"path":"/Users/dungle/projects/atscaletech/libra-js/src/identities/schema.ts","statementMap":{"0":{"start":{"line":3,"column":13},"end":{"line":19,"column":2}},"1":{"start":{"line":21,"column":13},"end":{"line":32,"column":2}},"2":{"start":{"line":34,"column":13},"end":{"line":45,"column":2}},"3":{"start":{"line":47,"column":13},"end":{"line":58,"column":2}}},"fnMap":{},"branchMap":{},"s":{"0":1,"1":1,"2":1,"3":1},"f":{},"b":{}}
,"/Users/dungle/projects/atscaletech/libra-js/src/lrp/codec.ts": {"path":"/Users/dungle/projects/atscaletech/libra-js/src/lrp/codec.ts","statementMap":{"0":{"start":{"line":1,"column":0},"end":{"line":1,"column":64}},"1":{"start":{"line":5,"column":2},"end":{"line":17,"column":4}},"2":{"start":{"line":4,"column":0},"end":{"line":4,"column":16}}},"fnMap":{"0":{"name":"decodePayment","decl":{"start":{"line":4,"column":16},"end":{"line":4,"column":29}},"loc":{"start":{"line":4,"column":67},"end":{"line":18,"column":1}}}},"branchMap":{"0":{"loc":{"start":{"line":6,"column":10},"end":{"line":6,"column":24}},"type":"binary-expr","locations":[{"start":{"line":6,"column":10},"end":{"line":6,"column":18}},{"start":{"line":6,"column":22},"end":{"line":6,"column":24}}]}},"s":{"0":1,"1":7,"2":1},"f":{"0":7},"b":{"0":[7,0]}}
,"/Users/dungle/projects/atscaletech/libra-js/src/lrp/index.ts": {"path":"/Users/dungle/projects/atscaletech/libra-js/src/lrp/index.ts","statementMap":{"0":{"start":{"line":4,"column":0},"end":{"line":4,"column":40}},"1":{"start":{"line":5,"column":0},"end":{"line":5,"column":66}},"2":{"start":{"line":7,"column":13},"end":{"line":7,"column":33}},"3":{"start":{"line":13,"column":4},"end":{"line":13,"column":25}},"4":{"start":{"line":17,"column":4},"end":{"line":28,"column":7}},"5":{"start":{"line":32,"column":4},"end":{"line":32,"column":56}},"6":{"start":{"line":36,"column":4},"end":{"line":36,"column":56}},"7":{"start":{"line":40,"column":4},"end":{"line":45,"column":7}},"8":{"start":{"line":49,"column":4},"end":{"line":59,"column":6}},"9":{"start":{"line":63,"column":4},"end":{"line":73,"column":6}},"10":{"start":{"line":77,"column":4},"end":{"line":87,"column":6}},"11":{"start":{"line":91,"column":4},"end":{"line":101,"column":6}},"12":{"start":{"line":105,"column":4},"end":{"line":115,"column":6}},"13":{"start":{"line":119,"column":4},"end":{"line":129,"column":6}},"14":{"start":{"line":133,"column":4},"end":{"line":143,"column":6}},"15":{"start":{"line":9,"column":0},"end":{"line":9,"column":21}}},"fnMap":{"0":{"name":"(anonymous_0)","decl":{"start":{"line":12,"column":2},"end":{"line":12,"column":14}},"loc":{"start":{"line":12,"column":28},"end":{"line":14,"column":3}}},"1":{"name":"(anonymous_1)","decl":{"start":{"line":16,"column":2},"end":{"line":16,"column":15}},"loc":{"start":{"line":16,"column":43},"end":{"line":29,"column":3}}},"2":{"name":"(anonymous_2)","decl":{"start":{"line":31,"column":2},"end":{"line":31,"column":20}},"loc":{"start":{"line":31,"column":42},"end":{"line":33,"column":3}}},"3":{"name":"(anonymous_3)","decl":{"start":{"line":35,"column":2},"end":{"line":35,"column":20}},"loc":{"start":{"line":35,"column":42},"end":{"line":37,"column":3}}},"4":{"name":"(anonymous_4)","decl":{"start":{"line":39,"column":2},"end":{"line":39,"column":12}},"loc":{"start":{"line":39,"column":23},"end":{"line":46,"column":3}}},"5":{"name":"(anonymous_5)","decl":{"start":{"line":48,"column":2},"end":{"line":48,"column":7}},"loc":{"start":{"line":48,"column":64},"end":{"line":60,"column":3}}},"6":{"name":"(anonymous_6)","decl":{"start":{"line":62,"column":2},"end":{"line":62,"column":15}},"loc":{"start":{"line":62,"column":46},"end":{"line":74,"column":3}}},"7":{"name":"(anonymous_7)","decl":{"start":{"line":76,"column":2},"end":{"line":76,"column":15}},"loc":{"start":{"line":76,"column":46},"end":{"line":88,"column":3}}},"8":{"name":"(anonymous_8)","decl":{"start":{"line":90,"column":2},"end":{"line":90,"column":16}},"loc":{"start":{"line":90,"column":47},"end":{"line":102,"column":3}}},"9":{"name":"(anonymous_9)","decl":{"start":{"line":104,"column":2},"end":{"line":104,"column":17}},"loc":{"start":{"line":104,"column":48},"end":{"line":116,"column":3}}},"10":{"name":"(anonymous_10)","decl":{"start":{"line":118,"column":2},"end":{"line":118,"column":15}},"loc":{"start":{"line":118,"column":46},"end":{"line":130,"column":3}}},"11":{"name":"(anonymous_11)","decl":{"start":{"line":132,"column":2},"end":{"line":132,"column":16}},"loc":{"start":{"line":132,"column":47},"end":{"line":144,"column":3}}}},"branchMap":{},"s":{"0":1,"1":1,"2":1,"3":1,"4":2,"5":1,"6":1,"7":1,"8":1,"9":1,"10":1,"11":0,"12":0,"13":3,"14":1,"15":1},"f":{"0":1,"1":2,"2":1,"3":1,"4":1,"5":1,"6":1,"7":1,"8":0,"9":0,"10":3,"11":1},"b":{}}
,"/Users/dungle/projects/atscaletech/libra-js/src/lrp/schema.ts": {"path":"/Users/dungle/projects/atscaletech/libra-js/src/lrp/schema.ts","statementMap":{"0":{"start":{"line":3,"column":13},"end":{"line":29,"column":2}},"1":{"start":{"line":31,"column":13},"end":{"line":37,"column":2}}},"fnMap":{},"branchMap":{},"s":{"0":1,"1":1},"f":{},"b":{}}
,"/Users/dungle/projects/atscaletech/libra-js/src/resolvers/codec.ts": {"path":"/Users/dungle/projects/atscaletech/libra-js/src/resolvers/codec.ts","statementMap":{"0":{"start":{"line":1,"column":0},"end":{"line":1,"column":78}},"1":{"start":{"line":5,"column":2},"end":{"line":8,"column":4}},"2":{"start":{"line":12,"column":2},"end":{"line":22,"column":4}},"3":{"start":{"line":19,"column":57},"end":{"line":19,"column":79}},"4":{"start":{"line":11,"column":0},"end":{"line":11,"column":16}}},"fnMap":{"0":{"name":"decodeDelegation","decl":{"start":{"line":4,"column":9},"end":{"line":4,"column":25}},"loc":{"start":{"line":4,"column":46},"end":{"line":9,"column":1}}},"1":{"name":"decodeResolver","decl":{"start":{"line":11,"column":16},"end":{"line":11,"column":30}},"loc":{"start":{"line":11,"column":69},"end":{"line":23,"column":1}}},"2":{"name":"(anonymous_2)","decl":{"start":{"line":19,"column":47},"end":{"line":19,"column":48}},"loc":{"start":{"line":19,"column":57},"end":{"line":19,"column":79}}}},"branchMap":{"0":{"loc":{"start":{"line":13,"column":13},"end":{"line":13,"column":27}},"type":"binary-expr","locations":[{"start":{"line":13,"column":13},"end":{"line":13,"column":21}},{"start":{"line":13,"column":25},"end":{"line":13,"column":27}}]}},"s":{"0":1,"1":1,"2":1,"3":1,"4":1},"f":{"0":1,"1":1,"2":1},"b":{"0":[1,0]}}
,"/Users/dungle/projects/atscaletech/libra-js/src/resolvers/index.ts": {"path":"/Users/dungle/projects/atscaletech/libra-js/src/resolvers/index.ts","statementMap":{"0":{"start":{"line":3,"column":0},"end":{"line":3,"column":41}},"1":{"start":{"line":4,"column":0},"end":{"line":4,"column":62}},"2":{"start":{"line":6,"column":13},"end":{"line":6,"column":39}},"3":{"start":{"line":12,"column":4},"end":{"line":12,"column":25}},"4":{"start":{"line":16,"column":4},"end":{"line":21,"column":7}},"5":{"start":{"line":25,"column":4},"end":{"line":35,"column":6}},"6":{"start":{"line":39,"column":4},"end":{"line":49,"column":6}},"7":{"start":{"line":53,"column":4},"end":{"line":63,"column":6}},"8":{"start":{"line":67,"column":4},"end":{"line":77,"column":6}},"9":{"start":{"line":8,"column":0},"end":{"line":8,"column":21}}},"fnMap":{"0":{"name":"(anonymous_0)","decl":{"start":{"line":11,"column":2},"end":{"line":11,"column":14}},"loc":{"start":{"line":11,"column":28},"end":{"line":13,"column":3}}},"1":{"name":"(anonymous_1)","decl":{"start":{"line":15,"column":2},"end":{"line":15,"column":7}},"loc":{"start":{"line":15,"column":43},"end":{"line":22,"column":3}}},"2":{"name":"(anonymous_2)","decl":{"start":{"line":24,"column":2},"end":{"line":24,"column":21}},"loc":{"start":{"line":24,"column":60},"end":{"line":36,"column":3}}},"3":{"name":"(anonymous_3)","decl":{"start":{"line":38,"column":2},"end":{"line":38,"column":10}},"loc":{"start":{"line":38,"column":51},"end":{"line":50,"column":3}}},"4":{"name":"(anonymous_4)","decl":{"start":{"line":52,"column":2},"end":{"line":52,"column":12}},"loc":{"start":{"line":52,"column":53},"end":{"line":64,"column":3}}},"5":{"name":"(anonymous_5)","decl":{"start":{"line":66,"column":2},"end":{"line":66,"column":8}},"loc":{"start":{"line":66,"column":25},"end":{"line":78,"column":3}}}},"branchMap":{},"s":{"0":1,"1":1,"2":1,"3":1,"4":1,"5":1,"6":1,"7":1,"8":1,"9":1},"f":{"0":1,"1":1,"2":1,"3":1,"4":1,"5":1},"b":{}}
,"/Users/dungle/projects/atscaletech/libra-js/src/resolvers/schema.ts": {"path":"/Users/dungle/projects/atscaletech/libra-js/src/resolvers/schema.ts","statementMap":{"0":{"start":{"line":3,"column":13},"end":{"line":14,"column":2}},"1":{"start":{"line":16,"column":13},"end":{"line":27,"column":2}}},"fnMap":{},"branchMap":{},"s":{"0":1,"1":1},"f":{},"b":{}}
,"/Users/dungle/projects/atscaletech/libra-js/src/types/common.ts": {"path":"/Users/dungle/projects/atscaletech/libra-js/src/types/common.ts","statementMap":{"0":{"start":{"line":16,"column":0},"end":{"line":16,"column":null}},"1":{"start":{"line":17,"column":2},"end":{"line":17,"column":null}},"2":{"start":{"line":18,"column":2},"end":{"line":18,"column":null}},"3":{"start":{"line":19,"column":2},"end":{"line":19,"column":null}}},"fnMap":{"0":{"name":"(anonymous_0)","decl":{"start":{"line":16,"column":0},"end":{"line":16,"column":12}},"loc":{"start":{"line":16,"column":29},"end":{"line":20,"column":1}}}},"branchMap":{"0":{"loc":{"start":{"line":16,"column":12},"end":{"line":16,"column":null}},"type":"binary-expr","locations":[{"start":{"line":16,"column":12},"end":{"line":16,"column":29}},{"start":{"line":16,"column":12},"end":{"line":16,"column":null}}]}},"s":{"0":6,"1":6,"2":6,"3":6},"f":{"0":6},"b":{"0":[6,6]}}
,"/Users/dungle/projects/atscaletech/libra-js/src/types/config.ts": {"path":"/Users/dungle/projects/atscaletech/libra-js/src/types/config.ts","statementMap":{"0":{"start":{"line":1,"column":0},"end":{"line":1,"column":null}},"1":{"start":{"line":2,"column":2},"end":{"line":2,"column":null}},"2":{"start":{"line":46,"column":0},"end":{"line":46,"column":null}},"3":{"start":{"line":47,"column":2},"end":{"line":47,"column":null}}},"fnMap":{"0":{"name":"(anonymous_0)","decl":{"start":{"line":1,"column":0},"end":{"line":1,"column":12}},"loc":{"start":{"line":1,"column":18},"end":{"line":3,"column":1}}},"1":{"name":"(anonymous_1)","decl":{"start":{"line":46,"column":0},"end":{"line":46,"column":12}},"loc":{"start":{"line":46,"column":32},"end":{"line":48,"column":1}}}},"branchMap":{"0":{"loc":{"start":{"line":1,"column":12},"end":{"line":1,"column":null}},"type":"binary-expr","locations":[{"start":{"line":1,"column":12},"end":{"line":1,"column":18}},{"start":{"line":1,"column":12},"end":{"line":1,"column":null}}]},"1":{"loc":{"start":{"line":46,"column":12},"end":{"line":46,"column":null}},"type":"binary-expr","locations":[{"start":{"line":46,"column":12},"end":{"line":46,"column":32}},{"start":{"line":46,"column":12},"end":{"line":46,"column":null}}]}},"s":{"0":6,"1":6,"2":6,"3":6},"f":{"0":6,"1":6},"b":{"0":[6,6],"1":[6,6]}}
,"/Users/dungle/projects/atscaletech/libra-js/src/types/dispute.ts": {"path":"/Users/dungle/projects/atscaletech/libra-js/src/types/dispute.ts","statementMap":{"0":{"start":{"line":3,"column":0},"end":{"line":3,"column":null}},"1":{"start":{"line":4,"column":2},"end":{"line":4,"column":null}},"2":{"start":{"line":5,"column":2},"end":{"line":5,"column":null}},"3":{"start":{"line":6,"column":2},"end":{"line":6,"column":null}},"4":{"start":{"line":9,"column":0},"end":{"line":9,"column":null}},"5":{"start":{"line":10,"column":2},"end":{"line":10,"column":null}},"6":{"start":{"line":11,"column":2},"end":{"line":11,"column":null}}},"fnMap":{"0":{"name":"(anonymous_0)","decl":{"start":{"line":3,"column":0},"end":{"line":3,"column":12}},"loc":{"start":{"line":3,"column":25},"end":{"line":7,"column":1}}},"1":{"name":"(anonymous_1)","decl":{"start":{"line":9,"column":0},"end":{"line":9,"column":12}},"loc":{"start":{"line":9,"column":27},"end":{"line":12,"column":1}}}},"branchMap":{"0":{"loc":{"start":{"line":3,"column":12},"end":{"line":3,"column":null}},"type":"binary-expr","locations":[{"start":{"line":3,"column":12},"end":{"line":3,"column":25}},{"start":{"line":3,"column":12},"end":{"line":3,"column":null}}]},"1":{"loc":{"start":{"line":9,"column":12},"end":{"line":9,"column":null}},"type":"binary-expr","locations":[{"start":{"line":9,"column":12},"end":{"line":9,"column":27}},{"start":{"line":9,"column":12},"end":{"line":9,"column":null}}]}},"s":{"0":6,"1":6,"2":6,"3":6,"4":6,"5":6,"6":6},"f":{"0":6,"1":6},"b":{"0":[6,6],"1":[6,6]}}
,"/Users/dungle/projects/atscaletech/libra-js/src/types/identities.ts": {"path":"/Users/dungle/projects/atscaletech/libra-js/src/types/identities.ts","statementMap":{"0":{"start":{"line":3,"column":0},"end":{"line":3,"column":null}},"1":{"start":{"line":4,"column":2},"end":{"line":4,"column":null}},"2":{"start":{"line":5,"column":2},"end":{"line":5,"column":null}},"3":{"start":{"line":8,"column":0},"end":{"line":8,"column":null}},"4":{"start":{"line":9,"column":2},"end":{"line":9,"column":null}},"5":{"start":{"line":10,"column":2},"end":{"line":10,"column":null}}},"fnMap":{"0":{"name":"(anonymous_0)","decl":{"start":{"line":3,"column":0},"end":{"line":3,"column":12}},"loc":{"start":{"line":3,"column":24},"end":{"line":6,"column":1}}},"1":{"name":"(anonymous_1)","decl":{"start":{"line":8,"column":0},"end":{"line":8,"column":12}},"loc":{"start":{"line":8,"column":24},"end":{"line":11,"column":1}}}},"branchMap":{"0":{"loc":{"start":{"line":3,"column":12},"end":{"line":3,"column":null}},"type":"binary-expr","locations":[{"start":{"line":3,"column":12},"end":{"line":3,"column":24}},{"start":{"line":3,"column":12},"end":{"line":3,"column":null}}]},"1":{"loc":{"start":{"line":8,"column":12},"end":{"line":8,"column":null}},"type":"binary-expr","locations":[{"start":{"line":8,"column":12},"end":{"line":8,"column":24}},{"start":{"line":8,"column":12},"end":{"line":8,"column":null}}]}},"s":{"0":6,"1":6,"2":6,"3":6,"4":6,"5":6},"f":{"0":6,"1":6},"b":{"0":[6,6],"1":[6,6]}}
,"/Users/dungle/projects/atscaletech/libra-js/src/types/index.ts": {"path":"/Users/dungle/projects/atscaletech/libra-js/src/types/index.ts","statementMap":{"0":{"start":{"line":1,"column":0},"end":{"line":1,"column":25}},"1":{"start":{"line":2,"column":0},"end":{"line":2,"column":25}},"2":{"start":{"line":3,"column":0},"end":{"line":3,"column":26}},"3":{"start":{"line":4,"column":0},"end":{"line":4,"column":26}},"4":{"start":{"line":5,"column":0},"end":{"line":5,"column":28}},"5":{"start":{"line":6,"column":0},"end":{"line":6,"column":29}},"6":{"start":{"line":7,"column":0},"end":{"line":7,"column":29}}},"fnMap":{},"branchMap":{},"s":{"0":6,"1":6,"2":6,"3":6,"4":6,"5":6,"6":6},"f":{},"b":{}}
,"/Users/dungle/projects/atscaletech/libra-js/src/types/payment.ts": {"path":"/Users/dungle/projects/atscaletech/libra-js/src/types/payment.ts","statementMap":{"0":{"start":{"line":3,"column":0},"end":{"line":3,"column":null}},"1":{"start":{"line":4,"column":2},"end":{"line":4,"column":null}},"2":{"start":{"line":5,"column":2},"end":{"line":5,"column":null}},"3":{"start":{"line":6,"column":2},"end":{"line":6,"column":null}},"4":{"start":{"line":7,"column":2},"end":{"line":7,"column":null}},"5":{"start":{"line":8,"column":2},"end":{"line":8,"column":null}},"6":{"start":{"line":9,"column":2},"end":{"line":9,"column":null}},"7":{"start":{"line":10,"column":2},"end":{"line":10,"column":null}},"8":{"start":{"line":11,"column":2},"end":{"line":11,"column":null}}},"fnMap":{"0":{"name":"(anonymous_0)","decl":{"start":{"line":3,"column":0},"end":{"line":3,"column":12}},"loc":{"start":{"line":3,"column":25},"end":{"line":12,"column":1}}}},"branchMap":{"0":{"loc":{"start":{"line":3,"column":12},"end":{"line":3,"column":null}},"type":"binary-expr","locations":[{"start":{"line":3,"column":12},"end":{"line":3,"column":25}},{"start":{"line":3,"column":12},"end":{"line":3,"column":null}}]}},"s":{"0":6,"1":6,"2":6,"3":6,"4":6,"5":6,"6":6,"7":6,"8":6},"f":{"0":6},"b":{"0":[6,6]}}
,"/Users/dungle/projects/atscaletech/libra-js/src/types/resolvers.ts": {"path":"/Users/dungle/projects/atscaletech/libra-js/src/types/resolvers.ts","statementMap":{"0":{"start":{"line":3,"column":0},"end":{"line":3,"column":null}},"1":{"start":{"line":4,"column":2},"end":{"line":4,"column":null}},"2":{"start":{"line":5,"column":2},"end":{"line":5,"column":null}},"3":{"start":{"line":6,"column":2},"end":{"line":6,"column":null}}},"fnMap":{"0":{"name":"(anonymous_0)","decl":{"start":{"line":3,"column":0},"end":{"line":3,"column":12}},"loc":{"start":{"line":3,"column":26},"end":{"line":7,"column":1}}}},"branchMap":{"0":{"loc":{"start":{"line":3,"column":12},"end":{"line":3,"column":null}},"type":"binary-expr","locations":[{"start":{"line":3,"column":12},"end":{"line":3,"column":26}},{"start":{"line":3,"column":12},"end":{"line":3,"column":null}}]}},"s":{"0":6,"1":6,"2":6,"3":6},"f":{"0":6},"b":{"0":[6,6]}}
,"/Users/dungle/projects/atscaletech/libra-js/src/utils/codec.ts": {"path":"/Users/dungle/projects/atscaletech/libra-js/src/utils/codec.ts","statementMap":{"0":{"start":{"line":5,"column":2},"end":{"line":5,"column":73}},"1":{"start":{"line":5,"column":56},"end":{"line":5,"column":71}},"2":{"start":{"line":4,"column":0},"end":{"line":4,"column":16}}},"fnMap":{"0":{"name":"decodeKeys","decl":{"start":{"line":4,"column":16},"end":{"line":4,"column":26}},"loc":{"start":{"line":4,"column":41},"end":{"line":6,"column":1}}},"1":{"name":"(anonymous_1)","decl":{"start":{"line":5,"column":46},"end":{"line":5,"column":47}},"loc":{"start":{"line":5,"column":56},"end":{"line":5,"column":71}}}},"branchMap":{"0":{"loc":{"start":{"line":5,"column":9},"end":{"line":5,"column":72}},"type":"cond-expr","locations":[{"start":{"line":5,"column":23},"end":{"line":5,"column":25}},{"start":{"line":5,"column":28},"end":{"line":5,"column":72}}]}},"s":{"0":8,"1":24,"2":7},"f":{"0":8,"1":24},"b":{"0":[0,8]}}
,"/Users/dungle/projects/atscaletech/libra-js/src/utils/index.ts": {"path":"/Users/dungle/projects/atscaletech/libra-js/src/utils/index.ts","statementMap":{"0":{"start":{"line":1,"column":0},"end":{"line":1,"column":24}},"1":{"start":{"line":2,"column":0},"end":{"line":2,"column":30}},"2":{"start":{"line":3,"column":0},"end":{"line":3,"column":24}}},"fnMap":{},"branchMap":{},"s":{"0":6,"1":6,"2":6},"f":{},"b":{}}
,"/Users/dungle/projects/atscaletech/libra-js/src/utils/query.ts": {"path":"/Users/dungle/projects/atscaletech/libra-js/src/utils/query.ts","statementMap":{"0":{"start":{"line":3,"column":22},"end":{"line":3,"column":24}},"1":{"start":{"line":4,"column":23},"end":{"line":4,"column":24}},"2":{"start":{"line":7,"column":2},"end":{"line":9,"column":null}},"3":{"start":{"line":8,"column":4},"end":{"line":8,"column":86}},"4":{"start":{"line":11,"column":2},"end":{"line":13,"column":null}},"5":{"start":{"line":12,"column":4},"end":{"line":12,"column":16}},"6":{"start":{"line":15,"column":2},"end":{"line":17,"column":null}},"7":{"start":{"line":16,"column":4},"end":{"line":16,"column":30}},"8":{"start":{"line":19,"column":2},"end":{"line":19,"column":44}},"9":{"start":{"line":6,"column":0},"end":{"line":6,"column":16}}},"fnMap":{"0":{"name":"getQueryKeys","decl":{"start":{"line":6,"column":16},"end":{"line":6,"column":28}},"loc":{"start":{"line":6,"column":103},"end":{"line":20,"column":1}}}},"branchMap":{"0":{"loc":{"start":{"line":6,"column":37},"end":{"line":6,"column":58}},"type":"default-arg","locations":[{"start":{"line":6,"column":45},"end":{"line":6,"column":58}}]},"1":{"loc":{"start":{"line":6,"column":60},"end":{"line":6,"column":83}},"type":"default-arg","locations":[{"start":{"line":6,"column":69},"end":{"line":6,"column":83}}]},"2":{"loc":{"start":{"line":7,"column":2},"end":{"line":9,"column":null}},"type":"if","locations":[{"start":{"line":7,"column":2},"end":{"line":9,"column":null}}]},"3":{"loc":{"start":{"line":7,"column":6},"end":{"line":7,"column":40}},"type":"binary-expr","locations":[{"start":{"line":7,"column":6},"end":{"line":7,"column":16}},{"start":{"line":7,"column":20},"end":{"line":7,"column":40}}]},"4":{"loc":{"start":{"line":11,"column":2},"end":{"line":13,"column":null}},"type":"if","locations":[{"start":{"line":11,"column":2},"end":{"line":13,"column":null}}]},"5":{"loc":{"start":{"line":15,"column":2},"end":{"line":17,"column":null}},"type":"if","locations":[{"start":{"line":15,"column":2},"end":{"line":17,"column":null}}]}},"s":{"0":7,"1":7,"2":12,"3":1,"4":11,"5":9,"6":2,"7":0,"8":2,"9":7},"f":{"0":12},"b":{"0":[8],"1":[9],"2":[1],"3":[12,12],"4":[9],"5":[0]}}
,"/Users/dungle/projects/atscaletech/libra-js/src/utils/transaction.ts": {"path":"/Users/dungle/projects/atscaletech/libra-js/src/utils/transaction.ts","statementMap":{"0":{"start":{"line":5,"column":25},"end":{"line":5,"column":27}},"1":{"start":{"line":7,"column":2},"end":{"line":12,"column":5}},"2":{"start":{"line":8,"column":4},"end":{"line":10,"column":null}},"3":{"start":{"line":9,"column":6},"end":{"line":9,"column":58}},"4":{"start":{"line":11,"column":4},"end":{"line":11,"column":73}},"5":{"start":{"line":14,"column":2},"end":{"line":14,"column":17}},"6":{"start":{"line":4,"column":0},"end":{"line":4,"column":16}}},"fnMap":{"0":{"name":"encodeParams","decl":{"start":{"line":4,"column":16},"end":{"line":4,"column":28}},"loc":{"start":{"line":4,"column":84},"end":{"line":15,"column":1}}},"1":{"name":"(anonymous_1)","decl":{"start":{"line":7,"column":17},"end":{"line":7,"column":18}},"loc":{"start":{"line":7,"column":27},"end":{"line":12,"column":3}}}},"branchMap":{"0":{"loc":{"start":{"line":8,"column":4},"end":{"line":10,"column":null}},"type":"if","locations":[{"start":{"line":8,"column":4},"end":{"line":10,"column":null}}]},"1":{"loc":{"start":{"line":8,"column":8},"end":{"line":8,"column":45}},"type":"binary-expr","locations":[{"start":{"line":8,"column":8},"end":{"line":8,"column":24}},{"start":{"line":8,"column":28},"end":{"line":8,"column":45}}]}},"s":{"0":24,"1":24,"2":39,"3":1,"4":38,"5":23,"6":7},"f":{"0":24,"1":39},"b":{"0":[1],"1":[39,37]}}
}
