TN:
SF:src/client.ts
FN:25,createConnection
FN:41,(anonymous_2)
FN:45,(anonymous_3)
FN:50,(anonymous_4)
FN:58,(anonymous_5)
FN:64,(anonymous_6)
FN:73,(anonymous_7)
FN:78,(anonymous_8)
FN:86,(anonymous_9)
FN:92,(anonymous_10)
FN:99,(anonymous_11)
FN:105,(anonymous_12)
FN:112,(anonymous_13)
FN:123,(anonymous_14)
FN:125,(anonymous_15)
FN:128,(anonymous_16)
FNF:16
FNH:13
FNDA:0,createConnection
FNDA:6,(anonymous_2)
FNDA:0,(anonymous_3)
FNDA:22,(anonymous_4)
FNDA:0,(anonymous_5)
FNDA:22,(anonymous_6)
FNDA:22,(anonymous_7)
FNDA:22,(anonymous_8)
FNDA:1,(anonymous_9)
FNDA:1,(anonymous_10)
FNDA:12,(anonymous_11)
FNDA:12,(anonymous_12)
FNDA:8,(anonymous_13)
FNDA:24,(anonymous_14)
FNDA:24,(anonymous_15)
FNDA:7,(anonymous_16)
DA:1,6
DA:2,6
DA:6,6
DA:7,6
DA:18,6
DA:19,6
DA:20,6
DA:25,6
DA:26,0
DA:27,0
DA:28,0
DA:35,0
DA:38,6
DA:42,6
DA:46,0
DA:47,0
DA:51,22
DA:52,0
DA:54,22
DA:55,22
DA:59,0
DA:61,0
DA:65,22
DA:67,22
DA:68,22
DA:70,22
DA:71,22
DA:73,22
DA:75,22
DA:78,22
DA:87,1
DA:88,1
DA:90,1
DA:91,1
DA:92,1
DA:96,0
DA:100,12
DA:101,12
DA:103,12
DA:104,12
DA:105,12
DA:109,0
DA:113,8
DA:114,8
DA:116,8
DA:117,0
DA:120,8
DA:122,8
DA:123,24
DA:125,24
DA:129,7
DA:130,7
DA:132,7
DA:139,7
DA:141,7
LF:55
LH:43
BRDA:26,0,0,0
BRDA:51,1,0,0
BRDA:67,2,0,22
BRDA:90,3,0,1
BRDA:103,4,0,12
BRDA:116,5,0,0
BRDA:139,6,0,0
BRF:7
BRH:3
end_of_record
TN:
SF:src/index.ts
FNF:0
FNH:0
DA:1,0
LF:1
LH:0
BRF:0
BRH:0
end_of_record
TN:
SF:src/libra.ts
FN:18,(anonymous_1)
FNF:1
FNH:0
FNDA:0,(anonymous_1)
DA:2,0
DA:3,0
DA:4,0
DA:5,0
DA:6,0
DA:7,0
DA:8,0
DA:10,0
DA:19,0
DA:20,0
DA:21,0
DA:22,0
DA:23,0
DA:24,0
DA:25,0
LF:15
LH:0
BRF:0
BRH:0
end_of_record
TN:
SF:src/wallet-connection.ts
FN:9,(anonymous_0)
FN:14,(anonymous_1)
FN:23,(anonymous_2)
FN:27,(anonymous_3)
FN:28,(anonymous_4)
FN:37,(anonymous_5)
FN:42,(anonymous_6)
FNF:7
FNH:0
FNDA:0,(anonymous_0)
FNDA:0,(anonymous_1)
FNDA:0,(anonymous_2)
FNDA:0,(anonymous_3)
FNDA:0,(anonymous_4)
FNDA:0,(anonymous_5)
FNDA:0,(anonymous_6)
DA:1,0
DA:5,0
DA:10,0
DA:11,0
DA:15,0
DA:16,0
DA:17,0
DA:19,0
DA:24,0
DA:28,0
DA:30,0
DA:31,0
DA:34,0
DA:38,0
DA:39,0
DA:43,0
DA:44,0
LF:17
LH:0
BRDA:30,0,0,0
BRF:1
BRH:0
end_of_record
TN:
SF:src/codec-types/index.ts
FNF:0
FNH:0
DA:1,6
DA:2,6
DA:3,6
DA:4,6
DA:5,6
DA:6,6
LF:6
LH:6
BRF:0
BRH:0
end_of_record
TN:
SF:src/codec-types/known-types.ts
FNF:0
FNH:0
DA:1,6
LF:1
LH:1
BRF:0
BRH:0
end_of_record
TN:
SF:src/currencies/codec.ts
FN:4,decodeCurrency
FNF:1
FNH:1
FNDA:3,decodeCurrency
DA:4,1
DA:5,3
LF:2
LH:2
BRDA:6,0,0,3
BRDA:6,0,1,0
BRF:2
BRH:1
end_of_record
TN:
SF:src/currencies/index.ts
FN:12,(anonymous_0)
FN:16,(anonymous_1)
FN:31,(anonymous_2)
FN:45,(anonymous_3)
FNF:4
FNH:4
FNDA:1,(anonymous_0)
FNDA:1,(anonymous_1)
FNDA:1,(anonymous_2)
FNDA:1,(anonymous_3)
DA:3,1
DA:5,1
DA:7,1
DA:9,1
DA:13,1
DA:17,1
DA:32,1
DA:46,1
LF:8
LH:8
BRF:0
BRH:0
end_of_record
TN:
SF:src/currencies/schema.ts
FNF:0
FNH:0
DA:3,1
DA:21,1
LF:2
LH:2
BRF:0
BRH:0
end_of_record
TN:
SF:src/dispute-resolution/codec.ts
FN:4,decodeDispute
FNF:1
FNH:1
FNDA:10,decodeDispute
DA:1,1
DA:4,1
DA:5,10
LF:3
LH:3
BRDA:13,0,0,10
BRDA:13,0,1,0
BRF:2
BRH:1
end_of_record
TN:
SF:src/dispute-resolution/index.ts
FN:18,(anonymous_0)
FN:22,(anonymous_1)
FN:33,(anonymous_2)
FN:37,(anonymous_3)
FN:41,(anonymous_4)
FN:45,(anonymous_5)
FN:54,(anonymous_6)
FN:68,(anonymous_7)
FN:82,(anonymous_8)
FN:96,(anonymous_9)
FNF:10
FNH:9
FNDA:1,(anonymous_0)
FNDA:3,(anonymous_1)
FNDA:1,(anonymous_2)
FNDA:1,(anonymous_3)
FNDA:1,(anonymous_4)
FNDA:1,(anonymous_5)
FNDA:1,(anonymous_6)
FNDA:1,(anonymous_7)
FNDA:1,(anonymous_8)
FNDA:0,(anonymous_9)
DA:4,1
DA:6,1
DA:8,1
DA:15,1
DA:19,1
DA:23,3
DA:34,1
DA:38,1
DA:42,1
DA:46,1
DA:55,1
DA:69,1
DA:83,1
DA:97,0
LF:14
LH:13
BRF:0
BRH:0
end_of_record
TN:
SF:src/identities/codec.ts
FN:8,decodeIdentityField
FN:23,decodeIdentityReview
FN:30,decodeIdentity
FN:36,(anonymous_3)
FN:37,(anonymous_4)
FNF:5
FNH:5
FNDA:1,decodeIdentityField
FNDA:1,decodeIdentityReview
FNDA:1,decodeIdentity
FNDA:1,(anonymous_3)
FNDA:1,(anonymous_4)
DA:1,1
DA:8,1
DA:9,1
DA:16,1
DA:17,1
DA:20,1
DA:23,1
DA:24,1
DA:30,1
DA:31,1
DA:36,1
DA:37,1
LF:12
LH:12
BRDA:16,0,0,1
BRDA:32,1,0,1
BRDA:32,1,1,0
BRDA:36,2,0,0
BRDA:36,2,1,1
BRDA:37,3,0,0
BRDA:37,3,1,1
BRF:7
BRH:4
end_of_record
TN:
SF:src/identities/index.ts
FN:20,(anonymous_0)
FN:24,(anonymous_1)
FN:33,(anonymous_2)
FN:47,(anonymous_3)
FN:61,(anonymous_4)
FN:75,(anonymous_5)
FN:89,(anonymous_6)
FNF:7
FNH:7
FNDA:1,(anonymous_0)
FNDA:1,(anonymous_1)
FNDA:1,(anonymous_2)
FNDA:1,(anonymous_3)
FNDA:1,(anonymous_4)
FNDA:1,(anonymous_5)
FNDA:1,(anonymous_6)
DA:12,1
DA:13,1
DA:15,1
DA:17,1
DA:21,1
DA:25,1
DA:34,1
DA:48,1
DA:62,1
DA:76,1
DA:90,1
LF:11
LH:11
BRF:0
BRH:0
end_of_record
TN:
SF:src/identities/schema.ts
FNF:0
FNH:0
DA:3,1
DA:21,1
DA:34,1
DA:47,1
LF:4
LH:4
BRF:0
BRH:0
end_of_record
TN:
SF:src/lrp/codec.ts
FN:4,decodePayment
FNF:1
FNH:1
FNDA:7,decodePayment
DA:1,1
DA:4,1
DA:5,7
LF:3
LH:3
BRDA:6,0,0,7
BRDA:6,0,1,0
BRF:2
BRH:1
end_of_record
TN:
SF:src/lrp/index.ts
FN:12,(anonymous_0)
FN:16,(anonymous_1)
FN:31,(anonymous_2)
FN:35,(anonymous_3)
FN:39,(anonymous_4)
FN:48,(anonymous_5)
FN:62,(anonymous_6)
FN:76,(anonymous_7)
FN:90,(anonymous_8)
FN:104,(anonymous_9)
FN:118,(anonymous_10)
FN:132,(anonymous_11)
FNF:12
FNH:10
FNDA:1,(anonymous_0)
FNDA:2,(anonymous_1)
FNDA:1,(anonymous_2)
FNDA:1,(anonymous_3)
FNDA:1,(anonymous_4)
FNDA:1,(anonymous_5)
FNDA:1,(anonymous_6)
FNDA:1,(anonymous_7)
FNDA:0,(anonymous_8)
FNDA:0,(anonymous_9)
FNDA:3,(anonymous_10)
FNDA:1,(anonymous_11)
DA:4,1
DA:5,1
DA:7,1
DA:9,1
DA:13,1
DA:17,2
DA:32,1
DA:36,1
DA:40,1
DA:49,1
DA:63,1
DA:77,1
DA:91,0
DA:105,0
DA:119,3
DA:133,1
LF:16
LH:14
BRF:0
BRH:0
end_of_record
TN:
SF:src/lrp/schema.ts
FNF:0
FNH:0
DA:3,1
DA:31,1
LF:2
LH:2
BRF:0
BRH:0
end_of_record
TN:
SF:src/resolvers/codec.ts
FN:4,decodeDelegation
FN:11,decodeResolver
FN:19,(anonymous_2)
FNF:3
FNH:3
FNDA:1,decodeDelegation
FNDA:1,decodeResolver
FNDA:1,(anonymous_2)
DA:1,1
DA:5,1
DA:11,1
DA:12,1
DA:19,1
LF:5
LH:5
BRDA:13,0,0,1
BRDA:13,0,1,0
BRF:2
BRH:1
end_of_record
TN:
SF:src/resolvers/index.ts
FN:11,(anonymous_0)
FN:15,(anonymous_1)
FN:24,(anonymous_2)
FN:38,(anonymous_3)
FN:52,(anonymous_4)
FN:66,(anonymous_5)
FNF:6
FNH:6
FNDA:1,(anonymous_0)
FNDA:1,(anonymous_1)
FNDA:1,(anonymous_2)
FNDA:1,(anonymous_3)
FNDA:1,(anonymous_4)
FNDA:1,(anonymous_5)
DA:3,1
DA:4,1
DA:6,1
DA:8,1
DA:12,1
DA:16,1
DA:25,1
DA:39,1
DA:53,1
DA:67,1
LF:10
LH:10
BRF:0
BRH:0
end_of_record
TN:
SF:src/resolvers/schema.ts
FNF:0
FNH:0
DA:3,1
DA:16,1
LF:2
LH:2
BRF:0
BRH:0
end_of_record
TN:
SF:src/types/common.ts
FN:16,(anonymous_0)
FNF:1
FNH:1
FNDA:6,(anonymous_0)
DA:16,6
DA:17,6
DA:18,6
DA:19,6
LF:4
LH:4
BRDA:16,0,0,6
BRDA:16,0,1,6
BRF:2
BRH:2
end_of_record
TN:
SF:src/types/config.ts
FN:1,(anonymous_0)
FN:46,(anonymous_1)
FNF:2
FNH:2
FNDA:6,(anonymous_0)
FNDA:6,(anonymous_1)
DA:1,6
DA:2,6
DA:46,6
DA:47,6
LF:4
LH:4
BRDA:1,0,0,6
BRDA:1,0,1,6
BRDA:46,1,0,6
BRDA:46,1,1,6
BRF:4
BRH:4
end_of_record
TN:
SF:src/types/dispute.ts
FN:3,(anonymous_0)
FN:9,(anonymous_1)
FNF:2
FNH:2
FNDA:6,(anonymous_0)
FNDA:6,(anonymous_1)
DA:3,6
DA:4,6
DA:5,6
DA:6,6
DA:9,6
DA:10,6
DA:11,6
LF:7
LH:7
BRDA:3,0,0,6
BRDA:3,0,1,6
BRDA:9,1,0,6
BRDA:9,1,1,6
BRF:4
BRH:4
end_of_record
TN:
SF:src/types/identities.ts
FN:3,(anonymous_0)
FN:8,(anonymous_1)
FNF:2
FNH:2
FNDA:6,(anonymous_0)
FNDA:6,(anonymous_1)
DA:3,6
DA:4,6
DA:5,6
DA:8,6
DA:9,6
DA:10,6
LF:6
LH:6
BRDA:3,0,0,6
BRDA:3,0,1,6
BRDA:8,1,0,6
BRDA:8,1,1,6
BRF:4
BRH:4
end_of_record
TN:
SF:src/types/index.ts
FNF:0
FNH:0
DA:1,6
DA:2,6
DA:3,6
DA:4,6
DA:5,6
DA:6,6
DA:7,6
LF:7
LH:7
BRF:0
BRH:0
end_of_record
TN:
SF:src/types/payment.ts
FN:3,(anonymous_0)
FNF:1
FNH:1
FNDA:6,(anonymous_0)
DA:3,6
DA:4,6
DA:5,6
DA:6,6
DA:7,6
DA:8,6
DA:9,6
DA:10,6
DA:11,6
LF:9
LH:9
BRDA:3,0,0,6
BRDA:3,0,1,6
BRF:2
BRH:2
end_of_record
TN:
SF:src/types/resolvers.ts
FN:3,(anonymous_0)
FNF:1
FNH:1
FNDA:6,(anonymous_0)
DA:3,6
DA:4,6
DA:5,6
DA:6,6
LF:4
LH:4
BRDA:3,0,0,6
BRDA:3,0,1,6
BRF:2
BRH:2
end_of_record
TN:
SF:src/utils/codec.ts
FN:4,decodeKeys
FN:5,(anonymous_1)
FNF:2
FNH:2
FNDA:8,decodeKeys
FNDA:24,(anonymous_1)
DA:4,7
DA:5,24
LF:2
LH:2
BRDA:5,0,0,0
BRDA:5,0,1,8
BRF:2
BRH:1
end_of_record
TN:
SF:src/utils/index.ts
FNF:0
FNH:0
DA:1,6
DA:2,6
DA:3,6
LF:3
LH:3
BRF:0
BRH:0
end_of_record
TN:
SF:src/utils/query.ts
FN:6,getQueryKeys
FNF:1
FNH:1
FNDA:12,getQueryKeys
DA:3,7
DA:4,7
DA:6,7
DA:7,12
DA:8,1
DA:11,11
DA:12,9
DA:15,2
DA:16,0
DA:19,2
LF:10
LH:9
BRDA:6,0,0,8
BRDA:6,1,0,9
BRDA:7,2,0,1
BRDA:7,3,0,12
BRDA:7,3,1,12
BRDA:11,4,0,9
BRDA:15,5,0,0
BRF:7
BRH:6
end_of_record
TN:
SF:src/utils/transaction.ts
FN:4,encodeParams
FN:7,(anonymous_1)
FNF:2
FNH:2
FNDA:24,encodeParams
FNDA:39,(anonymous_1)
DA:4,7
DA:5,24
DA:7,24
DA:8,39
DA:9,1
DA:11,38
DA:14,23
LF:7
LH:7
BRDA:8,0,0,1
BRDA:8,1,0,39
BRDA:8,1,1,37
BRF:3
BRH:3
end_of_record
